[02/May/2020:11:03:58] ENGINE Bus STARTING
[02/May/2020:11:03:58] ENGINE Started monitor thread 'Autoreloader'.
[02/May/2020:11:03:58] ENGINE Serving on http://0.0.0.0
[02/May/2020:11:03:58] ENGINE Bus STARTED
[02/May/2020:11:13:54] ENGINE Restarting because /Users/wgz/Desktop/restapi_teach/backend/services/datamodel/common/models.py changed.
[02/May/2020:11:13:54] ENGINE Stopped thread 'Autoreloader'.
[02/May/2020:11:13:54] ENGINE Bus STOPPING
[02/May/2020:11:13:54] ENGINE HTTP Server cherrypy._cpwsgi_server.CPWSGIServer(('0.0.0.0', 80)) shut down
[02/May/2020:11:13:54] ENGINE Bus STOPPED
[02/May/2020:11:13:54] ENGINE Bus EXITING
[02/May/2020:11:13:54] ENGINE Bus EXITED
[02/May/2020:11:13:54] ENGINE Waiting for child threads to terminate...
[02/May/2020:11:13:54] ENGINE Re-spawning /Library/Frameworks/Python.framework/Versions/3.7/Resources/Python.app/Contents/MacOS/Python project/cherrypy_startup.py
Traceback (most recent call last):
  File "project/cherrypy_startup.py", line 28, in <module>
    cherrypy.engine.block()
  File "/Library/Frameworks/Python.framework/Versions/3.7/lib/python3.7/site-packages/cherrypy/process/wspbus.py", line 369, in block
    self._do_execv()
  File "/Library/Frameworks/Python.framework/Versions/3.7/lib/python3.7/site-packages/cherrypy/process/wspbus.py", line 402, in _do_execv
    os.chdir(_startup_cwd)
FileNotFoundError: [Errno 2] No such file or directory: '/Users/wgz/Desktop/restapi_teach/backend'
